2023-03-01 11:02:12,011 INFO  [org.jboss.modules] (main) JBoss Modules version 2.0.3.Final
2023-03-01 11:02:12,919 INFO  [org.jboss.msc] (main) JBoss MSC version 1.4.13.Final
2023-03-01 11:02:12,930 INFO  [org.jboss.threads] (main) JBoss Threads version 2.4.0.Final
2023-03-01 11:02:13,056 INFO  [org.jboss.as] (MSC service thread 1-2) WFLYSRV0049: WildFly Full 27.0.1.Final (WildFly Core 19.0.1.Final) starting
2023-03-01 11:02:13,058 DEBUG [org.jboss.as.config] (MSC service thread 1-2) Configured system properties:
	[Standalone] = 
	file.encoding = Cp1252
	file.separator = \
	java.awt.headless = true
	java.class.path = C:\my-app\new-app\sengan\target\server\jboss-modules.jar
	java.class.version = 61.0
	java.home = C:\Users\Amine_2.0\scoop\apps\openjdk\current
	java.io.tmpdir = C:\Users\Amine_2.0\AppData\Local\Temp\
	java.library.path = C:\Users\Amine_2.0\scoop\apps\openjdk\current\bin;C:\WINDOWS\Sun\Java\bin;C:\WINDOWS\system32;C:\WINDOWS;C:\Program Files\Microsoft\jdk-11.0.16.101-hotspot\bin;C:\Windows\system32;C:\Windows;C:\Windows\System32\Wbem;C:\Windows\System32\WindowsPowerShell\v1.0\;C:\Windows\System32\OpenSSH\;C:\Program Files (x86)\NVIDIA Corporation\PhysX\Common;C:\Program Files\NVIDIA Corporation\NVIDIA NvDLISR;C:\WINDOWS\system32;C:\WINDOWS;C:\WINDOWS\System32\Wbem;C:\WINDOWS\System32\WindowsPowerShell\v1.0\;C:\WINDOWS\System32\OpenSSH\;C:\Program Files\dotnet\;C:\Users\Amine_2.0\AppData\Roaming\nvm;C:\Program Files\nodejs;C:\Program Files\nodejs\;C:\ProgramData\ComposerSetup\bin;C:\Program Files\Microsoft SQL Server\150\Tools\Binn\;C:\Program Files\Microsoft SQL Server\Client SDK\ODBC\170\Tools\Binn\;C:\wamp64\bin\php\php7.4.26;C:\Program Files\TortoiseGit\bin;C:\Program Files\Docker\Docker\resources\bin;C:\Program Files\Git\cmd;C:\Users\Amine_2.0\scoop\apps\maven\current\bin;C:\Users\Amine_2.0\scoop\apps\openjdk\current\bin;C:\Users\Amine_2.0\scoop\shims;C:\Users\Amine_2.0\AppData\Local\Microsoft\WindowsApps;C:\Users\Amine_2.0\AppData\Local\Programs\Microsoft VS Code\bin;C:\Users\Amine_2.0\AppData\Local\GitHubDesktop\bin;C:\Users\Amine_2.0\AppData\Roaming\nvm;C:\Program Files\nodejs;C:\Users\Amine_2.0\AppData\Roaming\npm;C:\Dev\PHP8;C:\Users\Amine_2.0\AppData\Roaming\Composer\vendor\bin;C:\Program Files\heroku\bin;C:\Users\Amine_2.0\AppData\Local\Programs\mongosh\;C:\Users\Amine_2.0\.dotnet\tools;C:\Users\Amine_2.0\.dotnet\tools;.
	java.net.preferIPv4Stack = true
	java.runtime.name = OpenJDK Runtime Environment
	java.runtime.version = 17.0.2+8-86
	java.security.manager = allow
	java.specification.name = Java Platform API Specification
	java.specification.vendor = Oracle Corporation
	java.specification.version = 17
	java.util.logging.manager = org.jboss.logmanager.LogManager
	java.vendor = Oracle Corporation
	java.vendor.url = https://java.oracle.com/
	java.vendor.url.bug = https://bugreport.java.com/bugreport/
	java.version = 17.0.2
	java.version.date = 2022-01-18
	java.vm.compressedOopsMode = 32-bit
	java.vm.info = mixed mode, sharing
	java.vm.name = OpenJDK 64-Bit Server VM
	java.vm.specification.name = Java Virtual Machine Specification
	java.vm.specification.vendor = Oracle Corporation
	java.vm.specification.version = 17
	java.vm.vendor = Oracle Corporation
	java.vm.version = 17.0.2+8-86
	javax.management.builder.initial = org.jboss.as.jmx.PluggableMBeanServerBuilder
	jboss.home.dir = C:\my-app\new-app\sengan\target\server
	jboss.host.name = laptop-3s26gdck
	jboss.modules.dir = C:\my-app\new-app\sengan\target\server\modules
	jboss.modules.system.pkgs = org.jboss.byteman
	jboss.node.name = laptop-3s26gdck
	jboss.qualified.host.name = laptop-3s26gdck
	jboss.server.base.dir = C:\my-app\new-app\sengan\target\server\standalone
	jboss.server.config.dir = C:\my-app\new-app\sengan\target\server\standalone\configuration
	jboss.server.data.dir = C:\my-app\new-app\sengan\target\server\standalone\data
	jboss.server.deploy.dir = C:\my-app\new-app\sengan\target\server\standalone\data\content
	jboss.server.log.dir = C:\my-app\new-app\sengan\target\server\standalone\log
	jboss.server.name = laptop-3s26gdck
	jboss.server.persist.config = true
	jboss.server.temp.dir = C:\my-app\new-app\sengan\target\server\standalone\tmp
	jdk.debug = release
	line.separator = 

	logging.configuration = file:C:\my-app\new-app\sengan\target\server\standalone\configuration\logging.properties
	module.path = C:\my-app\new-app\sengan\target\server\modules
	native.encoding = Cp1252
	org.jboss.boot.log.file = C:\my-app\new-app\sengan\target\server\standalone\log\server.log
	org.jboss.resolver.warning = true
	os.arch = amd64
	os.name = Windows 10
	os.version = 10.0
	path.separator = ;
	sun.arch.data.model = 64
	sun.boot.library.path = C:\Users\Amine_2.0\scoop\apps\openjdk\current\bin
	sun.cpu.endian = little
	sun.cpu.isalist = amd64
	sun.io.unicode.encoding = UnicodeLittle
	sun.java.command = C:\my-app\new-app\sengan\target\server\jboss-modules.jar -mp C:\my-app\new-app\sengan\target\server\modules org.jboss.as.standalone
	sun.java.launcher = SUN_STANDARD
	sun.jnu.encoding = Cp1252
	sun.management.compiler = HotSpot 64-Bit Tiered Compilers
	sun.os.patch.level = 
	sun.stderr.encoding = cp850
	sun.stdout.encoding = cp850
	user.country = FR
	user.dir = C:\my-app\new-app\sengan
	user.home = C:\Users\Amine_2.0
	user.language = fr
	user.name = Amine_2.0
	user.script = 
	user.timezone = Europe/Paris
	user.variant = 
2023-03-01 11:02:13,072 DEBUG [org.jboss.as.config] (MSC service thread 1-2) VM Arguments: -D[Standalone] -Xms64m -Xmx512m -Djava.net.preferIPv4Stack=true -Djava.awt.headless=true -Djboss.modules.system.pkgs=org.jboss.byteman --add-exports=java.desktop/sun.awt=ALL-UNNAMED --add-exports=java.naming/com.sun.jndi.ldap=ALL-UNNAMED --add-exports=java.naming/com.sun.jndi.url.ldap=ALL-UNNAMED --add-exports=java.naming/com.sun.jndi.url.ldaps=ALL-UNNAMED --add-exports=jdk.naming.dns/com.sun.jndi.dns=ALL-UNNAMED --add-opens=java.base/java.lang=ALL-UNNAMED --add-opens=java.base/java.lang.invoke=ALL-UNNAMED --add-opens=java.base/java.lang.reflect=ALL-UNNAMED --add-opens=java.base/java.io=ALL-UNNAMED --add-opens=java.base/java.security=ALL-UNNAMED --add-opens=java.base/java.util=ALL-UNNAMED --add-opens=java.base/java.util.concurrent=ALL-UNNAMED --add-opens=java.management/javax.management=ALL-UNNAMED --add-opens=java.naming/javax.naming=ALL-UNNAMED --add-modules=java.se -Djava.security.manager=allow -Djboss.home.dir=C:\my-app\new-app\sengan\target\server -Djboss.server.base.dir=C:\my-app\new-app\sengan\target\server\standalone -Djboss.server.log.dir=C:\my-app\new-app\sengan\target\server\standalone\log -Djboss.server.config.dir=C:\my-app\new-app\sengan\target\server\standalone\configuration -Dorg.jboss.boot.log.file=C:\my-app\new-app\sengan\target\server\standalone\log\server.log -Dlogging.configuration=file:C:\my-app\new-app\sengan\target\server\standalone\configuration\logging.properties 
2023-03-01 11:02:13,819 INFO  [org.wildfly.security] (ServerService Thread Pool -- 28) ELY00001: WildFly Elytron version 2.0.0.Final
2023-03-01 11:02:14,192 WARN  [org.jboss.as.controller] (ServerService Thread Pool -- 10) WFLYCTL0481: The runtime dependency package 'io.smallrye.opentracing-contrib' is already registered at location '/subsystem=microprofile-opentracing-smallrye'
2023-03-01 11:02:14,193 WARN  [org.jboss.as.controller] (ServerService Thread Pool -- 10) WFLYCTL0481: The runtime dependency package 'io.smallrye.opentracing-contrib' is already registered at location '/subsystem=microprofile-opentracing-smallrye'
2023-03-01 11:02:14,566 INFO  [org.jboss.as.controller.management-deprecated] (ServerService Thread Pool -- 12) WFLYCTL0028: Attribute 'cluster' in the resource at address '/subsystem=ejb3/service=remote' is deprecated, and may be removed in a future version. See the attribute description in the output of the read-resource-description operation to learn more about the deprecation.
2023-03-01 11:02:14,647 INFO  [org.jboss.as.server] (Controller Boot Thread) WFLYSRV0039: Creating http management service using socket-binding (management-http)
2023-03-01 11:02:14,665 INFO  [org.xnio] (MSC service thread 1-5) XNIO version 3.8.8.Final
2023-03-01 11:02:14,676 INFO  [org.xnio.nio] (MSC service thread 1-5) XNIO NIO Implementation Version 3.8.8.Final
2023-03-01 11:02:14,730 INFO  [org.jboss.as.jaxrs] (ServerService Thread Pool -- 58) WFLYRS0016: RESTEasy version 6.2.1.Final
2023-03-01 11:02:14,736 INFO  [org.wildfly.extension.elytron.oidc._private] (ServerService Thread Pool -- 54) WFLYOIDC0001: Activating WildFly Elytron OIDC Subsystem
2023-03-01 11:02:14,736 INFO  [org.wildfly.extension.io] (ServerService Thread Pool -- 57) WFLYIO001: Worker 'default' has auto-configured to 24 IO threads with 192 max task threads based on your 12 available processors
2023-03-01 11:02:14,741 INFO  [org.jboss.as.clustering.infinispan] (ServerService Thread Pool -- 56) WFLYCLINF0001: Activating Infinispan subsystem.
2023-03-01 11:02:14,744 INFO  [org.wildfly.extension.health] (ServerService Thread Pool -- 55) WFLYHEALTH0001: Activating Base Health Subsystem
2023-03-01 11:02:14,752 INFO  [org.wildfly.extension.microprofile.jwt.smallrye] (ServerService Thread Pool -- 67) WFLYJWT0001: Activating MicroProfile JWT Subsystem
2023-03-01 11:02:14,754 INFO  [org.wildfly.extension.microprofile.config.smallrye] (ServerService Thread Pool -- 66) WFLYCONF0001: Activating MicroProfile Config Subsystem
2023-03-01 11:02:14,754 WARN  [org.jboss.as.txn] (ServerService Thread Pool -- 76) WFLYTX0013: The node-identifier attribute on the /subsystem=transactions is set to the default value. This is a danger for environments running multiple servers. Please make sure the attribute value is unique.
2023-03-01 11:02:14,769 INFO  [org.jboss.as.jsf] (ServerService Thread Pool -- 63) WFLYJSF0007: Activated the following Jakarta Server Faces Implementations: [main]
2023-03-01 11:02:14,787 INFO  [org.wildfly.extension.microprofile.opentracing] (ServerService Thread Pool -- 68) WFLYTRACEXT0001: Activating MicroProfile OpenTracing Subsystem
2023-03-01 11:02:14,792 INFO  [org.wildfly.extension.metrics] (ServerService Thread Pool -- 65) WFLYMETRICS0001: Activating Base Metrics Subsystem
2023-03-01 11:02:14,819 INFO  [org.jboss.as.naming] (ServerService Thread Pool -- 69) WFLYNAM0001: Activating Naming Subsystem
2023-03-01 11:02:14,844 INFO  [org.jboss.remoting] (MSC service thread 1-4) JBoss Remoting version 5.0.26.Final
2023-03-01 11:02:14,853 INFO  [org.jboss.as.webservices] (ServerService Thread Pool -- 78) WFLYWS0002: Activating WebServices Extension
2023-03-01 11:02:14,930 INFO  [org.jboss.as.connector.subsystems.datasources] (ServerService Thread Pool -- 45) WFLYJCA0004: Deploying JDBC-compliant driver class org.h2.Driver (version 2.1)
2023-03-01 11:02:14,935 INFO  [org.wildfly.extension.undertow] (MSC service thread 1-6) WFLYUT0003: Undertow 2.3.0.Final starting
2023-03-01 11:02:14,949 INFO  [org.jboss.as.connector] (MSC service thread 1-8) WFLYJCA0009: Starting Jakarta Connectors Subsystem (WildFly/IronJacamar 1.5.9.Final)
2023-03-01 11:02:15,032 WARN  [org.wildfly.extension.elytron] (MSC service thread 1-1) WFLYELY00023: KeyStore file 'C:\my-app\new-app\sengan\target\server\standalone\configuration\application.keystore' does not exist. Used blank.
2023-03-01 11:02:15,049 INFO  [org.jboss.as.connector.deployers.jdbc] (MSC service thread 1-4) WFLYJCA0018: Started Driver service with driver-name = h2
2023-03-01 11:02:15,051 INFO  [org.jboss.as.naming] (MSC service thread 1-4) WFLYNAM0003: Starting Naming Service
2023-03-01 11:02:15,072 INFO  [org.jboss.as.mail.extension] (MSC service thread 1-1) WFLYMAIL0001: Bound mail session [java:jboss/mail/Default]
2023-03-01 11:02:15,085 WARN  [org.wildfly.extension.elytron] (MSC service thread 1-8) WFLYELY01084: KeyStore C:\my-app\new-app\sengan\target\server\standalone\configuration\application.keystore not found, it will be auto generated on first use with a self-signed certificate for host localhost
2023-03-01 11:02:15,092 INFO  [org.wildfly.extension.undertow] (ServerService Thread Pool -- 77) WFLYUT0014: Creating file handler for path 'C:\my-app\new-app\sengan\target\server/welcome-content' with options [directory-listing: 'false', follow-symlink: 'false', case-sensitive: 'true', safe-symlink-paths: '[]']
2023-03-01 11:02:15,226 INFO  [org.wildfly.extension.undertow] (MSC service thread 1-7) WFLYUT0012: Started server default-server.
2023-03-01 11:02:15,267 INFO  [org.jboss.as.ejb3] (MSC service thread 1-1) WFLYEJB0481: Strict pool slsb-strict-max-pool is using a max instance size of 192 (per class), which is derived from thread worker pool sizing.
2023-03-01 11:02:15,267 INFO  [org.jboss.as.ejb3] (MSC service thread 1-6) WFLYEJB0482: Strict pool mdb-strict-max-pool is using a max instance size of 48 (per class), which is derived from the number of CPUs on this host.
2023-03-01 11:02:15,269 INFO  [org.wildfly.extension.undertow] (MSC service thread 1-1) Queuing requests.
2023-03-01 11:02:15,273 INFO  [org.wildfly.extension.undertow] (MSC service thread 1-1) WFLYUT0018: Host default-host starting
2023-03-01 11:02:15,392 INFO  [org.wildfly.extension.undertow] (MSC service thread 1-5) WFLYUT0006: Undertow HTTP listener default listening on 127.0.0.1:8080
2023-03-01 11:02:15,467 INFO  [org.wildfly.extension.undertow] (MSC service thread 1-3) WFLYUT0006: Undertow HTTPS listener https listening on 127.0.0.1:8443
2023-03-01 11:02:15,560 INFO  [org.jboss.as.patching] (MSC service thread 1-3) WFLYPAT0050: WildFly Full cumulative patch ID is: base, one-off patches include: none
2023-03-01 11:02:15,567 INFO  [org.jboss.as.server.deployment.scanner] (MSC service thread 1-8) WFLYDS0013: Started FileSystemDeploymentService for directory C:\my-app\new-app\sengan\target\server\standalone\deployments
2023-03-01 11:02:15,614 INFO  [org.jboss.as.ejb3] (MSC service thread 1-3) WFLYEJB0493: Jakarta Enterprise Beans subsystem suspension complete
2023-03-01 11:02:15,662 INFO  [org.jboss.ws.common.management] (MSC service thread 1-6) JBWS022052: Starting JBossWS 6.1.0.Final (Apache CXF 3.5.2.jbossorg-4) 
2023-03-01 11:02:15,701 INFO  [org.jboss.as.connector.subsystems.datasources] (MSC service thread 1-6) WFLYJCA0001: Bound data source [java:jboss/datasources/ExampleDS]
2023-03-01 11:02:15,831 INFO  [org.jboss.as.server] (Controller Boot Thread) WFLYSRV0212: Resuming server
2023-03-01 11:02:15,834 INFO  [org.jboss.as] (Controller Boot Thread) WFLYSRV0025: WildFly Full 27.0.1.Final (WildFly Core 19.0.1.Final) started in 4202ms - Started 290 of 563 services (357 services are lazy, passive or on-demand) - Server configuration file in use: standalone.xml
2023-03-01 11:02:15,838 INFO  [org.jboss.as] (Controller Boot Thread) WFLYSRV0060: Http management interface listening on http://127.0.0.1:9990/management
2023-03-01 11:02:15,839 INFO  [org.jboss.as] (Controller Boot Thread) WFLYSRV0051: Admin console listening on http://127.0.0.1:9990
2023-03-01 11:02:16,051 INFO  [org.jboss.as.repository] (management-handler-thread - 1) WFLYDR0001: Content added at location C:\my-app\new-app\sengan\target\server\standalone\data\content\3f\bbee1bb1e66c401a26d7570fce04e18a12c202\content
2023-03-01 11:02:16,099 INFO  [org.jboss.as.server.deployment] (MSC service thread 1-7) WFLYSRV0027: Starting deployment of "sengan.war" (runtime-name: "sengan.war")
2023-03-01 11:02:16,616 INFO  [org.jboss.weld.deployer] (MSC service thread 1-3) WFLYWELD0003: Processing weld deployment sengan.war
2023-03-01 11:02:16,762 INFO  [org.hibernate.validator.internal.util.Version] (MSC service thread 1-3) HV000001: Hibernate Validator 8.0.0.Final
2023-03-01 11:02:17,080 WARN  [org.wildfly.extension.microprofile.opentracing] (MSC service thread 1-3) WFLYTRACEXT0012: No Jaeger endpoint or sender-binding configured. Installing a no-op sender
2023-03-01 11:02:17,090 INFO  [io.jaegertracing.internal.JaegerTracer] (MSC service thread 1-3) No shutdown hook registered: Please call close() manually on application shutdown.
2023-03-01 11:02:17,093 INFO  [org.wildfly.microprofile.opentracing.smallrye] (MSC service thread 1-3) WFLYTRAC0001: Tracer initialized: JaegerTracer(version=Java-1.6.0, serviceName=sengan.war, reporter=RemoteReporter(sender=NoopSender(), closeEnqueueTimeout=1000), sampler=ConstSampler(decision=true, tags={sampler.type=const, sampler.param=true}), tags={hostname=LAPTOP-3S26GDCK, jaeger.version=Java-1.6.0, ip=192.168.56.1}, zipkinSharedRpcSpan=false, expandExceptionLogs=false, useTraceId128Bit=false)
2023-03-01 11:02:17,152 INFO  [org.jboss.weld.Version] (MSC service thread 1-1) WELD-000900: 5.1.0 (Final)
2023-03-01 11:02:18,374 INFO  [org.jboss.resteasy.resteasy_jaxrs.i18n] (ServerService Thread Pool -- 80) RESTEASY002225: Deploying jakarta.ws.rs.core.Application: class com.sengan.sengan.ApplicationConfig
2023-03-01 11:02:18,435 INFO  [org.wildfly.extension.undertow] (ServerService Thread Pool -- 80) WFLYUT0021: Registered web context: '/sengan' for server 'default-server'
2023-03-01 11:02:18,501 INFO  [org.jboss.as.server] (management-handler-thread - 1) WFLYSRV0010: Deployed "sengan.war" (runtime-name : "sengan.war")
2023-03-01 11:03:59,058 INFO  [org.jboss.as.repository] (management-handler-thread - 1) WFLYDR0001: Content added at location C:\my-app\new-app\sengan\target\server\standalone\data\content\95\0733a03454f23a7a122075db2369833c02c8db\content
2023-03-01 11:03:59,065 INFO  [org.wildfly.extension.undertow] (ServerService Thread Pool -- 80) WFLYUT0022: Unregistered web context: '/sengan' from server 'default-server'
2023-03-01 11:03:59,098 INFO  [org.jboss.as.server.deployment] (MSC service thread 1-5) WFLYSRV0028: Stopped deployment sengan.war (runtime-name: sengan.war) in 37ms
2023-03-01 11:03:59,102 INFO  [org.jboss.as.server.deployment] (MSC service thread 1-8) WFLYSRV0027: Starting deployment of "sengan.war" (runtime-name: "sengan.war")
2023-03-01 11:03:59,196 INFO  [org.jboss.weld.deployer] (MSC service thread 1-4) WFLYWELD0003: Processing weld deployment sengan.war
2023-03-01 11:03:59,267 WARN  [org.wildfly.extension.microprofile.opentracing] (MSC service thread 1-4) WFLYTRACEXT0012: No Jaeger endpoint or sender-binding configured. Installing a no-op sender
2023-03-01 11:03:59,270 INFO  [io.jaegertracing.internal.JaegerTracer] (MSC service thread 1-4) No shutdown hook registered: Please call close() manually on application shutdown.
2023-03-01 11:03:59,290 INFO  [org.wildfly.microprofile.opentracing.smallrye] (MSC service thread 1-4) WFLYTRAC0001: Tracer initialized: JaegerTracer(version=Java-1.6.0, serviceName=sengan.war, reporter=RemoteReporter(sender=NoopSender(), closeEnqueueTimeout=1000), sampler=ConstSampler(decision=true, tags={sampler.type=const, sampler.param=true}), tags={hostname=LAPTOP-3S26GDCK, jaeger.version=Java-1.6.0, ip=192.168.56.1}, zipkinSharedRpcSpan=false, expandExceptionLogs=false, useTraceId128Bit=false)
2023-03-01 11:03:59,500 INFO  [org.jboss.resteasy.resteasy_jaxrs.i18n] (ServerService Thread Pool -- 84) RESTEASY002225: Deploying jakarta.ws.rs.core.Application: class com.sengan.sengan.ApplicationConfig
2023-03-01 11:03:59,505 INFO  [org.wildfly.extension.undertow] (ServerService Thread Pool -- 84) WFLYUT0021: Registered web context: '/sengan' for server 'default-server'
2023-03-01 11:03:59,535 INFO  [org.jboss.as.server] (management-handler-thread - 1) WFLYSRV0016: Replaced deployment "sengan.war" with deployment "sengan.war"
2023-03-01 11:03:59,541 INFO  [org.jboss.as.repository] (management-handler-thread - 1) WFLYDR0002: Content removed from location C:\my-app\new-app\sengan\target\server\standalone\data\content\3f\bbee1bb1e66c401a26d7570fce04e18a12c202\content
2023-03-01 11:37:37,788 INFO  [org.jboss.as.repository] (management-handler-thread - 2) WFLYDR0001: Content added at location C:\my-app\new-app\sengan\target\server\standalone\data\content\37\0b287f86529ee2a5836a942c05be7b3489bec2\content
2023-03-01 11:37:37,793 INFO  [org.wildfly.extension.undertow] (ServerService Thread Pool -- 84) WFLYUT0022: Unregistered web context: '/sengan' from server 'default-server'
2023-03-01 11:37:37,830 INFO  [org.jboss.as.server.deployment] (MSC service thread 1-4) WFLYSRV0028: Stopped deployment sengan.war (runtime-name: sengan.war) in 38ms
2023-03-01 11:37:37,834 INFO  [org.jboss.as.server.deployment] (MSC service thread 1-2) WFLYSRV0027: Starting deployment of "sengan.war" (runtime-name: "sengan.war")
2023-03-01 11:37:38,025 INFO  [org.jboss.weld.deployer] (MSC service thread 1-8) WFLYWELD0003: Processing weld deployment sengan.war
2023-03-01 11:37:38,164 WARN  [org.wildfly.extension.microprofile.opentracing] (MSC service thread 1-8) WFLYTRACEXT0012: No Jaeger endpoint or sender-binding configured. Installing a no-op sender
2023-03-01 11:37:38,168 INFO  [io.jaegertracing.internal.JaegerTracer] (MSC service thread 1-8) No shutdown hook registered: Please call close() manually on application shutdown.
2023-03-01 11:37:38,169 INFO  [org.wildfly.microprofile.opentracing.smallrye] (MSC service thread 1-8) WFLYTRAC0001: Tracer initialized: JaegerTracer(version=Java-1.6.0, serviceName=sengan.war, reporter=RemoteReporter(sender=NoopSender(), closeEnqueueTimeout=1000), sampler=ConstSampler(decision=true, tags={sampler.type=const, sampler.param=true}), tags={hostname=LAPTOP-3S26GDCK, jaeger.version=Java-1.6.0, ip=192.168.56.1}, zipkinSharedRpcSpan=false, expandExceptionLogs=false, useTraceId128Bit=false)
2023-03-01 11:37:38,519 INFO  [org.jboss.resteasy.resteasy_jaxrs.i18n] (ServerService Thread Pool -- 86) RESTEASY002225: Deploying jakarta.ws.rs.core.Application: class com.sengan.sengan.ApplicationConfig
2023-03-01 11:37:38,530 INFO  [org.wildfly.extension.undertow] (ServerService Thread Pool -- 86) WFLYUT0021: Registered web context: '/sengan' for server 'default-server'
2023-03-01 11:37:38,583 INFO  [org.jboss.as.server] (management-handler-thread - 2) WFLYSRV0016: Replaced deployment "sengan.war" with deployment "sengan.war"
2023-03-01 11:37:38,587 INFO  [org.jboss.as.repository] (management-handler-thread - 2) WFLYDR0002: Content removed from location C:\my-app\new-app\sengan\target\server\standalone\data\content\95\0733a03454f23a7a122075db2369833c02c8db\content
2023-03-01 11:56:35,438 INFO  [org.jboss.as.repository] (management-handler-thread - 3) WFLYDR0001: Content added at location C:\my-app\new-app\sengan\target\server\standalone\data\content\78\20ae2b725810d3667f8392ec9af1f391dadd89\content
2023-03-01 11:56:35,443 INFO  [org.wildfly.extension.undertow] (ServerService Thread Pool -- 86) WFLYUT0022: Unregistered web context: '/sengan' from server 'default-server'
2023-03-01 11:56:35,477 INFO  [org.jboss.as.server.deployment] (MSC service thread 1-3) WFLYSRV0028: Stopped deployment sengan.war (runtime-name: sengan.war) in 35ms
2023-03-01 11:56:35,481 INFO  [org.jboss.as.server.deployment] (MSC service thread 1-7) WFLYSRV0027: Starting deployment of "sengan.war" (runtime-name: "sengan.war")
2023-03-01 11:56:35,683 INFO  [org.jboss.weld.deployer] (MSC service thread 1-7) WFLYWELD0003: Processing weld deployment sengan.war
2023-03-01 11:56:35,829 WARN  [org.wildfly.extension.microprofile.opentracing] (MSC service thread 1-7) WFLYTRACEXT0012: No Jaeger endpoint or sender-binding configured. Installing a no-op sender
2023-03-01 11:56:35,833 INFO  [io.jaegertracing.internal.JaegerTracer] (MSC service thread 1-7) No shutdown hook registered: Please call close() manually on application shutdown.
2023-03-01 11:56:35,834 INFO  [org.wildfly.microprofile.opentracing.smallrye] (MSC service thread 1-7) WFLYTRAC0001: Tracer initialized: JaegerTracer(version=Java-1.6.0, serviceName=sengan.war, reporter=RemoteReporter(sender=NoopSender(), closeEnqueueTimeout=1000), sampler=ConstSampler(decision=true, tags={sampler.type=const, sampler.param=true}), tags={hostname=LAPTOP-3S26GDCK, jaeger.version=Java-1.6.0, ip=192.168.56.1}, zipkinSharedRpcSpan=false, expandExceptionLogs=false, useTraceId128Bit=false)
2023-03-01 11:56:36,215 INFO  [org.jboss.resteasy.resteasy_jaxrs.i18n] (ServerService Thread Pool -- 87) RESTEASY002225: Deploying jakarta.ws.rs.core.Application: class com.sengan.sengan.ApplicationConfig
2023-03-01 11:56:36,225 INFO  [org.wildfly.extension.undertow] (ServerService Thread Pool -- 87) WFLYUT0021: Registered web context: '/sengan' for server 'default-server'
2023-03-01 11:56:36,299 INFO  [org.jboss.as.server] (management-handler-thread - 3) WFLYSRV0016: Replaced deployment "sengan.war" with deployment "sengan.war"
2023-03-01 11:56:36,308 INFO  [org.jboss.as.repository] (management-handler-thread - 3) WFLYDR0002: Content removed from location C:\my-app\new-app\sengan\target\server\standalone\data\content\37\0b287f86529ee2a5836a942c05be7b3489bec2\content
2023-03-01 11:59:37,430 INFO  [org.jboss.as.repository] (management-handler-thread - 3) WFLYDR0001: Content added at location C:\my-app\new-app\sengan\target\server\standalone\data\content\31\6154a0ebf965b6d40d5b1dca6523f43312a8a8\content
2023-03-01 11:59:37,434 INFO  [org.wildfly.extension.undertow] (ServerService Thread Pool -- 87) WFLYUT0022: Unregistered web context: '/sengan' from server 'default-server'
2023-03-01 11:59:37,469 INFO  [org.jboss.as.server.deployment] (MSC service thread 1-8) WFLYSRV0028: Stopped deployment sengan.war (runtime-name: sengan.war) in 36ms
2023-03-01 11:59:37,472 INFO  [org.jboss.as.server.deployment] (MSC service thread 1-1) WFLYSRV0027: Starting deployment of "sengan.war" (runtime-name: "sengan.war")
2023-03-01 11:59:37,651 INFO  [org.jboss.weld.deployer] (MSC service thread 1-8) WFLYWELD0003: Processing weld deployment sengan.war
2023-03-01 11:59:37,775 WARN  [org.wildfly.extension.microprofile.opentracing] (MSC service thread 1-8) WFLYTRACEXT0012: No Jaeger endpoint or sender-binding configured. Installing a no-op sender
2023-03-01 11:59:37,778 INFO  [io.jaegertracing.internal.JaegerTracer] (MSC service thread 1-8) No shutdown hook registered: Please call close() manually on application shutdown.
2023-03-01 11:59:37,779 INFO  [org.wildfly.microprofile.opentracing.smallrye] (MSC service thread 1-8) WFLYTRAC0001: Tracer initialized: JaegerTracer(version=Java-1.6.0, serviceName=sengan.war, reporter=RemoteReporter(sender=NoopSender(), closeEnqueueTimeout=1000), sampler=ConstSampler(decision=true, tags={sampler.type=const, sampler.param=true}), tags={hostname=LAPTOP-3S26GDCK, jaeger.version=Java-1.6.0, ip=192.168.56.1}, zipkinSharedRpcSpan=false, expandExceptionLogs=false, useTraceId128Bit=false)
2023-03-01 11:59:38,095 INFO  [org.jboss.resteasy.resteasy_jaxrs.i18n] (ServerService Thread Pool -- 90) RESTEASY002225: Deploying jakarta.ws.rs.core.Application: class com.sengan.sengan.ApplicationConfig
2023-03-01 11:59:38,103 INFO  [org.wildfly.extension.undertow] (ServerService Thread Pool -- 90) WFLYUT0021: Registered web context: '/sengan' for server 'default-server'
2023-03-01 11:59:38,155 INFO  [org.jboss.as.server] (management-handler-thread - 3) WFLYSRV0016: Replaced deployment "sengan.war" with deployment "sengan.war"
2023-03-01 11:59:38,160 INFO  [org.jboss.as.repository] (management-handler-thread - 3) WFLYDR0002: Content removed from location C:\my-app\new-app\sengan\target\server\standalone\data\content\78\20ae2b725810d3667f8392ec9af1f391dadd89\content
2023-03-01 12:08:42,372 INFO  [org.jboss.as.server] (Thread-1) WFLYSRV0272: Suspending server
2023-03-01 12:08:42,382 INFO  [org.jboss.as.ejb3] (Thread-1) WFLYEJB0493: Jakarta Enterprise Beans subsystem suspension complete
2023-03-01 12:08:42,389 INFO  [org.jboss.as.server] (Thread-1) WFLYSRV0220: Server shutdown has been requested via an OS signal
2023-03-01 12:08:42,413 INFO  [org.jboss.as.mail.extension] (MSC service thread 1-6) WFLYMAIL0002: Unbound mail session [java:jboss/mail/Default]
2023-03-01 12:08:42,416 INFO  [org.wildfly.extension.undertow] (ServerService Thread Pool -- 90) WFLYUT0022: Unregistered web context: '/sengan' from server 'default-server'
2023-03-01 12:08:42,429 INFO  [org.wildfly.extension.undertow] (MSC service thread 1-8) WFLYUT0019: Host default-host stopping
2023-03-01 12:08:42,442 INFO  [org.jboss.as.connector.subsystems.datasources] (MSC service thread 1-4) WFLYJCA0010: Unbound data source [java:jboss/datasources/ExampleDS]
2023-03-01 12:08:42,457 INFO  [org.jboss.as.connector.deployers.jdbc] (MSC service thread 1-6) WFLYJCA0019: Stopped Driver service with driver-name = h2
2023-03-01 12:08:42,465 INFO  [org.wildfly.extension.undertow] (MSC service thread 1-4) WFLYUT0008: Undertow HTTP listener default suspending
2023-03-01 12:08:42,465 INFO  [org.wildfly.extension.undertow] (MSC service thread 1-5) WFLYUT0008: Undertow HTTPS listener https suspending
2023-03-01 12:08:42,466 INFO  [org.wildfly.extension.undertow] (MSC service thread 1-4) WFLYUT0007: Undertow HTTP listener default stopped, was bound to 127.0.0.1:8080
2023-03-01 12:08:42,468 INFO  [org.wildfly.extension.undertow] (MSC service thread 1-5) WFLYUT0007: Undertow HTTPS listener https stopped, was bound to 127.0.0.1:8443
2023-03-01 12:08:42,479 INFO  [org.wildfly.extension.undertow] (MSC service thread 1-1) WFLYUT0004: Undertow 2.3.0.Final stopping
2023-03-01 12:08:42,499 INFO  [org.jboss.as.server.deployment] (MSC service thread 1-3) WFLYSRV0028: Stopped deployment sengan.war (runtime-name: sengan.war) in 100ms
2023-03-01 12:08:42,510 INFO  [org.jboss.as] (MSC service thread 1-1) WFLYSRV0050: WildFly Full 27.0.1.Final (WildFly Core 19.0.1.Final) stopped in 114ms
